<?xml version="1.0" encoding="UTF-8"?>
<!-- Generated by org.testng.reporters.JUnitXMLReporter -->
<testsuite ignored="1" hostname="CHNMCT369326L" failures="0" tests="5" name="Default test" time="17.402" errors="0" timestamp="2021-09-14T17:23:47 IST">
  <testcase classname="DevQAImplementations.GetCalls" name="test_001_emp_greater_4lakhs" time="8.459"/>
  <testcase classname="DevQAImplementations.GetCalls" name="test_002_emp_greater_2lakhs" time="1.543"/>
  <testcase classname="DevQAImplementations.GetCalls" name="test_002_emp_greater_3lakhs" time="1.167"/>
  <testcase classname="DevQAImplementations.GetCalls" name="test_validation" time="6.1"/>
  <testcase classname="DevQAImplementations.GetCalls" name="test2" time="0.024"/>
  <testcase classname="DevQAImplementations.GetCalls" name="failed_validation" time="0.0">
    <ignored/>
  </testcase> <!-- failed_validation -->
</testsuite> <!-- Default test -->
