<?xml version="1.0" encoding="UTF-8"?>
<testng-results ignored="1" total="6" passed="5" failed="0" skipped="0">
  <reporter-output>
  </reporter-output>
  <suite started-at="2021-09-14T17:23:29 IST" name="Default suite" finished-at="2021-09-14T17:23:47 IST" duration-ms="17402">
    <groups>
    </groups>
    <test started-at="2021-09-14T17:23:29 IST" name="Default test" finished-at="2021-09-14T17:23:47 IST" duration-ms="17402">
      <class name="DevQAImplementations.GetCalls">
        <test-method is-config="true" signature="init()[pri:0, instance:DevQAImplementations.GetCalls@1b065145]" started-at="2021-09-14T17:23:29 IST" name="init" finished-at="2021-09-14T17:23:29 IST" duration-ms="545" status="PASS">
          <reporter-output>
          </reporter-output>
        </test-method> <!-- init -->
        <test-method signature="test_001_emp_greater_4lakhs()[pri:0, instance:DevQAImplementations.GetCalls@1b065145]" started-at="2021-09-14T17:23:29 IST" name="test_001_emp_greater_4lakhs" finished-at="2021-09-14T17:23:38 IST" duration-ms="8459" status="PASS">
          <reporter-output>
          </reporter-output>
        </test-method> <!-- test_001_emp_greater_4lakhs -->
        <test-method signature="test_002_emp_greater_2lakhs()[pri:0, instance:DevQAImplementations.GetCalls@1b065145]" started-at="2021-09-14T17:23:38 IST" name="test_002_emp_greater_2lakhs" finished-at="2021-09-14T17:23:39 IST" duration-ms="1543" status="PASS">
          <reporter-output>
          </reporter-output>
        </test-method> <!-- test_002_emp_greater_2lakhs -->
        <test-method signature="test_002_emp_greater_3lakhs()[pri:0, instance:DevQAImplementations.GetCalls@1b065145]" started-at="2021-09-14T17:23:39 IST" name="test_002_emp_greater_3lakhs" finished-at="2021-09-14T17:23:41 IST" duration-ms="1167" status="PASS">
          <reporter-output>
          </reporter-output>
        </test-method> <!-- test_002_emp_greater_3lakhs -->
        <test-method signature="test_validation()[pri:1, instance:DevQAImplementations.GetCalls@1b065145]" started-at="2021-09-14T17:23:41 IST" name="test_validation" finished-at="2021-09-14T17:23:47 IST" duration-ms="6100" status="PASS">
          <reporter-output>
          </reporter-output>
        </test-method> <!-- test_validation -->
        <test-method signature="test2()[pri:2, instance:DevQAImplementations.GetCalls@1b065145]" started-at="2021-09-14T17:23:47 IST" name="test2" finished-at="2021-09-14T17:23:47 IST" duration-ms="24" status="PASS">
          <reporter-output>
          </reporter-output>
        </test-method> <!-- test2 -->
        <test-method is-config="true" signature="teardown()[pri:0, instance:DevQAImplementations.GetCalls@1b065145]" started-at="2021-09-14T17:23:47 IST" name="teardown" finished-at="2021-09-14T17:23:49 IST" duration-ms="1502" status="PASS">
          <reporter-output>
          </reporter-output>
        </test-method> <!-- teardown -->
      </class> <!-- DevQAImplementations.GetCalls -->
    </test> <!-- Default test -->
  </suite> <!-- Default suite -->
</testng-results>
